<?xml version="1.0" encoding="UTF-8"?>
<testng-results skipped="0" failed="0" ignored="0" total="1" passed="1">
  <reporter-output>
  </reporter-output>
  <suite name="Regression" duration-ms="18531" started-at="2018-12-13T20:28:33Z" finished-at="2018-12-13T20:28:51Z">
    <groups>
    </groups>
    <test name="ChromeTest" duration-ms="18531" started-at="2018-12-13T20:28:33Z" finished-at="2018-12-13T20:28:51Z">
      <class name="WebTesting.AutomationTask.TC001_VerifyAddUserDetails">
        <test-method status="PASS" signature="OpenBrowser(java.lang.String)[pri:0, instance:WebTesting.AutomationTask.TC001_VerifyAddUserDetails@481a15ff]" name="OpenBrowser" is-config="true" duration-ms="7043" started-at="2018-12-13T20:28:33Z" finished-at="2018-12-13T20:28:40Z">
          <params>
            <param index="0">
              <value>
                <![CDATA[Chrome]]>
              </value>
            </param>
          </params>
          <reporter-output>
          </reporter-output>
        </test-method> <!-- OpenBrowser -->
        <test-method status="PASS" signature="AbsaAssessmentTest()[pri:0, instance:WebTesting.AutomationTask.TC001_VerifyAddUserDetails@481a15ff]" name="AbsaAssessmentTest" duration-ms="11394" started-at="2018-12-13T20:28:40Z" finished-at="2018-12-13T20:28:51Z">
          <reporter-output>
          </reporter-output>
        </test-method> <!-- AbsaAssessmentTest -->
        <test-method status="PASS" signature="CloseBrowser()[pri:0, instance:WebTesting.AutomationTask.TC001_VerifyAddUserDetails@481a15ff]" name="CloseBrowser" is-config="true" duration-ms="1" started-at="2018-12-13T20:28:51Z" finished-at="2018-12-13T20:28:51Z">
          <reporter-output>
          </reporter-output>
        </test-method> <!-- CloseBrowser -->
      </class> <!-- WebTesting.AutomationTask.TC001_VerifyAddUserDetails -->
    </test> <!-- ChromeTest -->
  </suite> <!-- Regression -->
</testng-results>
